#
# There is insufficient memory for the Java Runtime Environment to continue.
# Native memory allocation (malloc) failed to allocate 1341296 bytes for Chunk::new
# Possible reasons:
#   The system is out of physical RAM or swap space
#   The process is running with CompressedOops enabled, and the Java Heap may be blocking the growth of the native heap
# Possible solutions:
#   Reduce memory load on the system
#   Increase physical memory or swap space
#   Check if swap backing store is full
#   Decrease Java heap size (-Xmx/-Xms)
#   Decrease number of Java threads
#   Decrease Java thread stack sizes (-Xss)
#   Set larger code cache with -XX:ReservedCodeCacheSize=
#   JVM is running with Unscaled Compressed Oops mode in which the Java heap is
#     placed in the first 4GB address space. The Java Heap base address is the
#     maximum limit for the native heap growth. Please use -XX:HeapBaseMinAddress
#     to set the Java Heap base and to place the Java Heap above 4GB virtual address.
# This output file may be truncated or incomplete.
#
#  Out of Memory Error (allocation.cpp:389), pid=588, tid=0x00000000000012e8
#
# JRE version: OpenJDK Runtime Environment (8.0_242-b01) (build 1.8.0_242-release-1644-b01)
# Java VM: OpenJDK 64-Bit Server VM (25.242-b01 mixed mode windows-amd64 compressed oops)
# Failed to write core dump. Minidumps are not enabled by default on client versions of Windows
#

---------------  T H R E A D  ---------------

Current thread (0x000000001755a800):  JavaThread "C2 CompilerThread1" daemon [_thread_in_native, id=4840, stack(0x0000000018ca0000,0x0000000018da0000)]

Stack: [0x0000000018ca0000,0x0000000018da0000]
[error occurred during error reporting (printing stack bounds), id 0xc0000005]

Native frames: (J=compiled Java code, j=interpreted, Vv=VM code, C=native code)


Current CompileTask:
C2:1500410 21811       4       com.android.tools.r8.u.b.Q0::a (376 bytes)


---------------  P R O C E S S  ---------------

Java Threads: ( => current thread )
  0x0000000022f26800 JavaThread "WorkerExecutor Queue Thread 6" [_thread_blocked, id=1288, stack(0x000000002b2b0000,0x000000002b3b0000)]
  0x0000000022f25800 JavaThread "Cache worker for Java compile cache (C:\Users\Jeff\AndroidStudioProjects\TravelMantics\.gradle\6.1.1\javaCompile)" [_thread_blocked, id=11644, stack(0x000000002adb0000,0x000000002aeb0000)]
  0x0000000022f22000 JavaThread "Cache worker for Java compile cache (C:\Users\Jeff\.gradle\caches\6.1.1\javaCompile)" [_thread_blocked, id=10716, stack(0x000000002a6b0000,0x000000002a7b0000)]
  0x0000000022f1a800 JavaThread "WorkerExecutor Queue Thread 5" [_thread_blocked, id=10136, stack(0x000000002aab0000,0x000000002abb0000)]
  0x0000000022f1f000 JavaThread "WorkerExecutor Queue Thread 3" [_thread_in_native, id=5284, stack(0x000000002a7b0000,0x000000002a8b0000)]
  0x0000000022f1c800 JavaThread "stdout" [_thread_in_native, id=5684, stack(0x000000002a3b0000,0x000000002a4b0000)]
  0x0000000022f1c000 JavaThread "stderr" [_thread_in_native, id=11676, stack(0x000000002a2b0000,0x000000002a3b0000)]
  0x0000000022f1d800 JavaThread "stdout" [_thread_in_native, id=2100, stack(0x000000002a1b0000,0x000000002a2b0000)]
  0x0000000022f1b000 JavaThread "stderr" [_thread_in_native, id=5996, stack(0x000000002a0b0000,0x000000002a1b0000)]
  0x0000000022f1f800 JavaThread "stdout" [_thread_in_native, id=11572, stack(0x0000000029fb0000,0x000000002a0b0000)]
  0x0000000022f20800 JavaThread "stderr" [_thread_in_native, id=8808, stack(0x0000000029eb0000,0x0000000029fb0000)]
  0x000000001d945800 JavaThread "stdout" [_thread_in_native, id=7868, stack(0x0000000029db0000,0x0000000029eb0000)]
  0x000000001d947800 JavaThread "stderr" [_thread_in_native, id=5280, stack(0x0000000029bb0000,0x0000000029cb0000)]
  0x000000001d946000 JavaThread "pool-10-thread-1" [_thread_blocked, id=1964, stack(0x0000000029cb0000,0x0000000029db0000)]
  0x000000001d94b800 JavaThread "WorkerExecutor Queue" [_thread_blocked, id=220, stack(0x0000000029ab0000,0x0000000029bb0000)]
  0x000000001d947000 JavaThread "Cache worker for execution history cache (C:\Users\Jeff\AndroidStudioProjects\TravelMantics\.gradle\6.1.1\executionHistory)" [_thread_blocked, id=10736, stack(0x00000000299b0000,0x0000000029ab0000)]
  0x000000001d94a800 JavaThread "Execution worker for ':' Thread 3" [_thread_in_Java, id=6136, stack(0x00000000296b0000,0x00000000297b0000)]
  0x000000001d949000 JavaThread "Execution worker for ':' Thread 2" [_thread_blocked, id=10028, stack(0x00000000295b0000,0x00000000296b0000)]
  0x000000001d948800 JavaThread "Execution worker for ':'" [_thread_in_Java, id=12228, stack(0x00000000294b0000,0x00000000295b0000)]
  0x000000001d94a000 JavaThread "Cache worker for file content cache (C:\Users\Jeff\AndroidStudioProjects\TravelMantics\.gradle\6.1.1\fileContent)" [_thread_blocked, id=1312, stack(0x00000000293b0000,0x00000000294b0000)]
  0x000000001900d800 JavaThread "Cache worker for file content cache (C:\Users\Jeff\.gradle\caches\6.1.1\fileContent)" [_thread_blocked, id=6756, stack(0x00000000292b0000,0x00000000293b0000)]
  0x0000000019012800 JavaThread "Memory manager" [_thread_blocked, id=1108, stack(0x00000000291b0000,0x00000000292b0000)]
  0x000000001900f800 JavaThread "Cache worker for Build Output Cleanup Cache (C:\Users\Jeff\AndroidStudioProjects\TravelMantics\.gradle\buildOutputCleanup)" [_thread_blocked, id=9040, stack(0x00000000290b0000,0x00000000291b0000)]
  0x000000001bbc7800 JavaThread "pool-7-thread-1" [_thread_blocked, id=9988, stack(0x0000000028fb0000,0x00000000290b0000)]
  0x000000001bbcd800 JavaThread "Build operations Thread 4" [_thread_blocked, id=7288, stack(0x00000000270e0000,0x00000000271e0000)]
  0x000000001bbc6000 JavaThread "Build operations Thread 3" [_thread_blocked, id=4004, stack(0x0000000023d60000,0x0000000023e60000)]
  0x000000001bbcb000 JavaThread "Build operations Thread 2" [_thread_blocked, id=4044, stack(0x0000000021c40000,0x0000000021d40000)]
  0x000000001bbca800 JavaThread "Build operations" [_thread_blocked, id=1940, stack(0x0000000021940000,0x0000000021a40000)]
  0x000000001bbcc800 JavaThread "Cache worker for cache directory md-rule (C:\Users\Jeff\.gradle\caches\6.1.1\md-rule)" [_thread_blocked, id=7888, stack(0x0000000020e90000,0x0000000020f90000)]
  0x000000001bbc8000 JavaThread "Cache worker for cache directory md-supplier (C:\Users\Jeff\.gradle\caches\6.1.1\md-supplier)" [_thread_blocked, id=8000, stack(0x000000001fe20000,0x000000001ff20000)]
  0x000000001bbc4800 JavaThread "Cache worker for file hash cache (C:\Users\Jeff\AndroidStudioProjects\TravelMantics\.gradle\6.1.1\fileHashes)" [_thread_blocked, id=9280, stack(0x000000001fd20000,0x000000001fe20000)]
  0x000000001bbc3000 JavaThread "Cache worker for checksums cache (C:\Users\Jeff\AndroidStudioProjects\TravelMantics\.gradle\checksums)" [_thread_blocked, id=12004, stack(0x000000001e7f0000,0x000000001e8f0000)]
  0x000000001bbc6800 JavaThread "Thread-56" [_thread_blocked, id=4892, stack(0x000000001e6f0000,0x000000001e7f0000)]
  0x000000001bbbe800 JavaThread "Stdin handler" [_thread_blocked, id=12164, stack(0x000000001ce20000,0x000000001cf20000)]
  0x000000001bbc2000 JavaThread "Asynchronous log dispatcher for DefaultDaemonConnection: socket connection from /127.0.0.1:52051 to /127.0.0.1:52278" [_thread_blocked, id=11716, stack(0x000000001cb20000,0x000000001cc20000)]
  0x000000001bbc1800 JavaThread "Cancel handler" [_thread_blocked, id=10764, stack(0x000000001c720000,0x000000001c820000)]
  0x000000001bbc0000 JavaThread "Handler for socket connection from /127.0.0.1:52051 to /127.0.0.1:52278" [_thread_in_native, id=3172, stack(0x000000001c620000,0x000000001c720000)]
  0x000000001bbbf000 JavaThread "Daemon worker Thread 3" [_thread_in_native, id=7012, stack(0x000000001ca20000,0x000000001cb20000)]
  0x0000000019011000 JavaThread "Daemon Thread 3" [_thread_blocked, id=3628, stack(0x0000000000b70000,0x0000000000c70000)]
  0x000000001900e000 JavaThread "Cache worker for execution history cache (C:\Users\Jeff\.gradle\caches\6.1.1\executionHistory)" [_thread_blocked, id=11396, stack(0x000000001ff20000,0x0000000020020000)]
  0x000000001900c800 JavaThread "Cache worker for file hash cache (C:\Users\Jeff\.gradle\caches\6.1.1\fileHashes)" [_thread_blocked, id=10700, stack(0x000000001d320000,0x000000001d420000)]
  0x0000000019010800 JavaThread "File lock request listener" [_thread_in_native, id=11012, stack(0x000000001d220000,0x000000001d320000)]
  0x000000001a137000 JavaThread "Cache worker for journal cache (C:\Users\Jeff\.gradle\caches\journal-1)" [_thread_blocked, id=2300, stack(0x000000001d120000,0x000000001d220000)]
  0x000000001b154800 JavaThread "Daemon periodic checks" [_thread_blocked, id=10444, stack(0x000000001c520000,0x000000001c620000)]
  0x000000001b152800 JavaThread "Incoming local TCP Connector on port 52051" [_thread_in_native, id=6272, stack(0x00000000195a0000,0x00000000196a0000)]
  0x0000000018f5f000 JavaThread "Daemon health stats" [_thread_blocked, id=12196, stack(0x00000000194a0000,0x00000000195a0000)]
  0x0000000018ea7800 JavaThread "Service Thread" daemon [_thread_blocked, id=10540, stack(0x00000000192a0000,0x00000000193a0000)]
  0x00000000175ab800 JavaThread "C1 CompilerThread2" daemon [_thread_blocked, id=5696, stack(0x0000000018da0000,0x0000000018ea0000)]
=>0x000000001755a800 JavaThread "C2 CompilerThread1" daemon [_thread_in_native, id=4840, stack(0x0000000018ca0000,0x0000000018da0000)]
  0x0000000017557800 JavaThread "C2 CompilerThread0" daemon [_thread_in_native, id=1204, stack(0x0000000018ba0000,0x0000000018ca0000)]
  0x0000000017555000 JavaThread "Attach Listener" daemon [_thread_blocked, id=11280, stack(0x0000000018aa0000,0x0000000018ba0000)]
  0x0000000017554000 JavaThread "Signal Dispatcher" daemon [_thread_blocked, id=5188, stack(0x00000000189a0000,0x0000000018aa0000)]
  0x0000000002925800 JavaThread "Finalizer" daemon [_thread_blocked, id=7496, stack(0x00000000187a0000,0x00000000188a0000)]
  0x0000000017539000 JavaThread "Reference Handler" daemon [_thread_blocked, id=7264, stack(0x00000000186a0000,0x00000000187a0000)]
  0x000000000058e800 JavaThread "main" [_thread_blocked, id=2744, stack(0x0000000002730000,0x0000000002830000)]

Other Threads:
  0x0000000017517000 VMThread [stack: 0x00000000185a0000,0x00000000186a0000] [id=12208]
  0x0000000018ea8000 WatcherThread [stack: 0x00000000193a0000,0x00000000194a0000] [id=7956]

VM state:not at safepoint (normal execution)

VM Mutex/Monitor currently owned by a thread: None

heap address: 0x0000000080000000, size: 2048 MB, Compressed Oops mode: 32-bit
Narrow klass base: 0x0000000000000000, Narrow klass shift: 3
Compressed class space size: 1073741824 Address: 0x0000000100000000

Heap:
 PSYoungGen      total 431616K, used 237030K [0x00000000d5580000, 0x00000000f2900000, 0x0000000100000000)
  eden space 384512K, 49% used [0x00000000d5580000,0x00000000e0f00f78,0x00000000ecd00000)
  from space 47104K, 99% used [0x00000000ecd00000,0x00000000efaf8c08,0x00000000efb00000)
  to   space 39936K, 0% used [0x00000000f0200000,0x00000000f0200000,0x00000000f2900000)
 ParOldGen       total 192512K, used 66734K [0x0000000080000000, 0x000000008bc00000, 0x00000000d5580000)
  object space 192512K, 34% used [0x0000000080000000,0x000000008412ba98,0x000000008bc00000)
 Metaspace       used 128675K, capacity 134898K, committed 135040K, reserved 1167360K
  class space    used 16549K, capacity 17757K, committed 17792K, reserved 1048576K

Card table byte_map: [0x0000000011cf0000,0x0000000012100000] byte_map_base: 0x00000000118f0000

Marking Bits: (ParMarkBitMap*) 0x0000000062a9f030
 Begin Bits: [0x00000000127b0000, 0x00000000147b0000)
 End Bits:   [0x00000000147b0000, 0x00000000167b0000)

Polling page: 0x00000000009f0000

CodeCache: size=245760Kb used=64057Kb max_used=65081Kb free=181702Kb
 bounds [0x0000000002930000, 0x0000000006910000, 0x0000000011930000]
 total_blobs=19278 nmethods=18340 adapters=849
 compilation: enabled

Compilation events (10 events):
Event: 1500.337 Thread 0x00000000175ab800 22192       1       com.android.tools.r8.u.b.f0::D1 (2 bytes)
Event: 1500.337 Thread 0x00000000175ab800 nmethod 22192 0x0000000004225790 code [0x00000000042258e0, 0x00000000042259f0]
Event: 1500.339 Thread 0x00000000175ab800 22193       2       com.android.tools.r8.u.b.B0::a (231 bytes)
Event: 1500.341 Thread 0x00000000175ab800 nmethod 22193 0x0000000005e2c8d0 code [0x0000000005e2cb80, 0x0000000005e2d538]
Event: 1500.369 Thread 0x00000000175ab800 22194       3       com.android.tools.r8.ir.optimize.l::v (844 bytes)
Event: 1500.384 Thread 0x00000000175ab800 nmethod 22194 0x0000000005d7b450 code [0x0000000005d7c0a0, 0x0000000005d85458]
Event: 1500.384 Thread 0x00000000175ab800 22196       2       com.android.tools.r8.ir.optimize.l::a (38 bytes)
Event: 1500.385 Thread 0x00000000175ab800 nmethod 22196 0x0000000005e2be50 code [0x0000000005e2c060, 0x0000000005e2c548]
Event: 1500.385 Thread 0x00000000175ab800 22195       2       com.android.tools.r8.s.a.a.a.b::a (130 bytes)
Event: 1500.386 Thread 0x00000000175ab800 nmethod 22195 0x0000000005ee7250 code [0x0000000005ee7480, 0x0000000005ee7f28]

GC Heap History (10 events):
Event: 1234.339 GC heap before
{Heap before GC invocations=19 (full 4):
 PSYoungGen      total 348160K, used 302080K [0x00000000d5580000, 0x00000000eec80000, 0x0000000100000000)
  eden space 302080K, 100% used [0x00000000d5580000,0x00000000e7c80000,0x00000000e7c80000)
  from space 46080K, 0% used [0x00000000ea700000,0x00000000ea700000,0x00000000ed400000)
  to   space 43520K, 0% used [0x00000000e7c80000,0x00000000e7c80000,0x00000000ea700000)
 ParOldGen       total 192512K, used 59566K [0x0000000080000000, 0x000000008bc00000, 0x00000000d5580000)
  object space 192512K, 30% used [0x0000000080000000,0x0000000083a2b860,0x000000008bc00000)
 Metaspace       used 100937K, capacity 104926K, committed 105216K, reserved 1140736K
  class space    used 13202K, capacity 14000K, committed 14080K, reserved 1048576K
Event: 1234.435 GC heap after
Heap after GC invocations=19 (full 4):
 PSYoungGen      total 345600K, used 20479K [0x00000000d5580000, 0x00000000f2b00000, 0x0000000100000000)
  eden space 302080K, 0% used [0x00000000d5580000,0x00000000d5580000,0x00000000e7c80000)
  from space 43520K, 47% used [0x00000000e7c80000,0x00000000e907fd78,0x00000000ea700000)
  to   space 41984K, 0% used [0x00000000f0200000,0x00000000f0200000,0x00000000f2b00000)
 ParOldGen       total 192512K, used 59574K [0x0000000080000000, 0x000000008bc00000, 0x00000000d5580000)
  object space 192512K, 30% used [0x0000000080000000,0x0000000083a2d860,0x000000008bc00000)
 Metaspace       used 100937K, capacity 104926K, committed 105216K, reserved 1140736K
  class space    used 13202K, capacity 14000K, committed 14080K, reserved 1048576K
}
Event: 1406.946 GC heap before
{Heap before GC invocations=20 (full 4):
 PSYoungGen      total 345600K, used 322559K [0x00000000d5580000, 0x00000000f2b00000, 0x0000000100000000)
  eden space 302080K, 100% used [0x00000000d5580000,0x00000000e7c80000,0x00000000e7c80000)
  from space 43520K, 47% used [0x00000000e7c80000,0x00000000e907fd78,0x00000000ea700000)
  to   space 41984K, 0% used [0x00000000f0200000,0x00000000f0200000,0x00000000f2b00000)
 ParOldGen       total 192512K, used 59574K [0x0000000080000000, 0x000000008bc00000, 0x00000000d5580000)
  object space 192512K, 30% used [0x0000000080000000,0x0000000083a2d860,0x000000008bc00000)
 Metaspace       used 104733K, capacity 109162K, committed 109440K, reserved 1144832K
  class space    used 13488K, capacity 14389K, committed 14464K, reserved 1048576K
Event: 1407.047 GC heap after
Heap after GC invocations=20 (full 4):
 PSYoungGen      total 424448K, used 39465K [0x00000000d5580000, 0x00000000f2900000, 0x0000000100000000)
  eden space 384512K, 0% used [0x00000000d5580000,0x00000000d5580000,0x00000000ecd00000)
  from space 39936K, 98% used [0x00000000f0200000,0x00000000f288a520,0x00000000f2900000)
  to   space 47104K, 0% used [0x00000000ecd00000,0x00000000ecd00000,0x00000000efb00000)
 ParOldGen       total 192512K, used 59582K [0x0000000080000000, 0x000000008bc00000, 0x00000000d5580000)
  object space 192512K, 30% used [0x0000000080000000,0x0000000083a2f860,0x000000008bc00000)
 Metaspace       used 104733K, capacity 109162K, committed 109440K, reserved 1144832K
  class space    used 13488K, capacity 14389K, committed 14464K, reserved 1048576K
}
Event: 1453.864 GC heap before
{Heap before GC invocations=21 (full 4):
 PSYoungGen      total 424448K, used 423977K [0x00000000d5580000, 0x00000000f2900000, 0x0000000100000000)
  eden space 384512K, 100% used [0x00000000d5580000,0x00000000ecd00000,0x00000000ecd00000)
  from space 39936K, 98% used [0x00000000f0200000,0x00000000f288a520,0x00000000f2900000)
  to   space 47104K, 0% used [0x00000000ecd00000,0x00000000ecd00000,0x00000000efb00000)
 ParOldGen       total 192512K, used 59582K [0x0000000080000000, 0x000000008bc00000, 0x00000000d5580000)
  object space 192512K, 30% used [0x0000000080000000,0x0000000083a2f860,0x000000008bc00000)
 Metaspace       used 109008K, capacity 113934K, committed 114176K, reserved 1148928K
  class space    used 14009K, capacity 15009K, committed 15104K, reserved 1048576K
Event: 1453.922 GC heap after
Heap after GC invocations=21 (full 4):
 PSYoungGen      total 431616K, used 27046K [0x00000000d5580000, 0x00000000f2900000, 0x0000000100000000)
  eden space 384512K, 0% used [0x00000000d5580000,0x00000000d5580000,0x00000000ecd00000)
  from space 47104K, 57% used [0x00000000ecd00000,0x00000000ee769960,0x00000000efb00000)
  to   space 39936K, 0% used [0x00000000f0200000,0x00000000f0200000,0x00000000f2900000)
 ParOldGen       total 192512K, used 59590K [0x0000000080000000, 0x000000008bc00000, 0x00000000d5580000)
  object space 192512K, 30% used [0x0000000080000000,0x0000000083a31860,0x000000008bc00000)
 Metaspace       used 109008K, capacity 113934K, committed 114176K, reserved 1148928K
  class space    used 14009K, capacity 15009K, committed 15104K, reserved 1048576K
}
Event: 1485.088 GC heap before
{Heap before GC invocations=22 (full 4):
 PSYoungGen      total 431616K, used 411558K [0x00000000d5580000, 0x00000000f2900000, 0x0000000100000000)
  eden space 384512K, 100% used [0x00000000d5580000,0x00000000ecd00000,0x00000000ecd00000)
  from space 47104K, 57% used [0x00000000ecd00000,0x00000000ee769960,0x00000000efb00000)
  to   space 39936K, 0% used [0x00000000f0200000,0x00000000f0200000,0x00000000f2900000)
 ParOldGen       total 192512K, used 59590K [0x0000000080000000, 0x000000008bc00000, 0x00000000d5580000)
  object space 192512K, 30% used [0x0000000080000000,0x0000000083a31860,0x000000008bc00000)
 Metaspace       used 116306K, capacity 121334K, committed 121472K, reserved 1155072K
  class space    used 14946K, capacity 15987K, committed 16000K, reserved 1048576K
Event: 1485.131 GC heap after
Heap after GC invocations=22 (full 4):
 PSYoungGen      total 424448K, used 29459K [0x00000000d5580000, 0x00000000f2900000, 0x0000000100000000)
  eden space 384512K, 0% used [0x00000000d5580000,0x00000000d5580000,0x00000000ecd00000)
  from space 39936K, 73% used [0x00000000f0200000,0x00000000f1ec4cb8,0x00000000f2900000)
  to   space 47104K, 0% used [0x00000000ecd00000,0x00000000ecd00000,0x00000000efb00000)
 ParOldGen       total 192512K, used 59598K [0x0000000080000000, 0x000000008bc00000, 0x00000000d5580000)
  object space 192512K, 30% used [0x0000000080000000,0x0000000083a33860,0x000000008bc00000)
 Metaspace       used 116306K, capacity 121334K, committed 121472K, reserved 1155072K
  class space    used 14946K, capacity 15987K, committed 16000K, reserved 1048576K
}
Event: 1497.379 GC heap before
{Heap before GC invocations=23 (full 4):
 PSYoungGen      total 424448K, used 413971K [0x00000000d5580000, 0x00000000f2900000, 0x0000000100000000)
  eden space 384512K, 100% used [0x00000000d5580000,0x00000000ecd00000,0x00000000ecd00000)
  from space 39936K, 73% used [0x00000000f0200000,0x00000000f1ec4cb8,0x00000000f2900000)
  to   space 47104K, 0% used [0x00000000ecd00000,0x00000000ecd00000,0x00000000efb00000)
 ParOldGen       total 192512K, used 59598K [0x0000000080000000, 0x000000008bc00000, 0x00000000d5580000)
  object space 192512K, 30% used [0x0000000080000000,0x0000000083a33860,0x000000008bc00000)
 Metaspace       used 127602K, capacity 133502K, committed 133632K, reserved 1165312K
  class space    used 16409K, capacity 17581K, committed 17664K, reserved 1048576K
Event: 1497.545 GC heap after
Heap after GC invocations=23 (full 4):
 PSYoungGen      total 431616K, used 47075K [0x00000000d5580000, 0x00000000f2900000, 0x0000000100000000)
  eden space 384512K, 0% used [0x00000000d5580000,0x00000000d5580000,0x00000000ecd00000)
  from space 47104K, 99% used [0x00000000ecd00000,0x00000000efaf8c08,0x00000000efb00000)
  to   space 39936K, 0% used [0x00000000f0200000,0x00000000f0200000,0x00000000f2900000)
 ParOldGen       total 192512K, used 66734K [0x0000000080000000, 0x000000008bc00000, 0x00000000d5580000)
  object space 192512K, 34% used [0x0000000080000000,0x000000008412ba98,0x000000008bc00000)
 Metaspace       used 127602K, capacity 133502K, committed 133632K, reserved 1165312K
  class space    used 16409K, capacity 17581K, committed 17664K, reserved 1048576K
}

Deoptimization events (10 events):
Event: 1496.717 Thread 0x000000001bbbf000 Uncommon trap: reason=bimorphic action=maybe_recompile pc=0x00000000066d7af8 method=com.android.tools.r8.u.b.p1.a(Lcom/android/tools/r8/ir/analysis/type/u;)Lcom/android/tools/r8/u/b/p1; @ 19
Event: 1496.717 Thread 0x000000001bbbf000 Uncommon trap: reason=bimorphic action=maybe_recompile pc=0x00000000066d7af8 method=com.android.tools.r8.u.b.p1.a(Lcom/android/tools/r8/ir/analysis/type/u;)Lcom/android/tools/r8/u/b/p1; @ 19
Event: 1496.717 Thread 0x000000001bbbf000 Uncommon trap: reason=bimorphic action=maybe_recompile pc=0x00000000066d7af8 method=com.android.tools.r8.u.b.p1.a(Lcom/android/tools/r8/ir/analysis/type/u;)Lcom/android/tools/r8/u/b/p1; @ 19
Event: 1496.885 Thread 0x000000001bbbf000 Uncommon trap: reason=unstable_if action=reinterpret pc=0x0000000006734450 method=com.android.tools.r8.ir.regalloc.b.compareTo(Ljava/lang/Object;)I @ 52
Event: 1496.927 Thread 0x000000001bbbf000 Uncommon trap: reason=class_check action=maybe_recompile pc=0x00000000067554f4 method=com.android.tools.r8.ir.optimize.I.a(Lcom/android/tools/r8/u/b/h0;)Z @ 93
Event: 1496.931 Thread 0x000000001bbbf000 Uncommon trap: reason=class_check action=maybe_recompile pc=0x00000000067554f4 method=com.android.tools.r8.ir.optimize.I.a(Lcom/android/tools/r8/u/b/h0;)Z @ 93
Event: 1498.992 Thread 0x000000001d94a800 Uncommon trap: reason=unstable_if action=reinterpret pc=0x00000000067e41a0 method=com.android.tools.r8.u.b.m1.h0()Z @ 31
Event: 1499.121 Thread 0x000000001d948800 Uncommon trap: reason=array_check action=maybe_recompile pc=0x00000000059bfc5c method=java.util.TimSort.reverseRange([Ljava/lang/Object;II)V @ 27
Event: 1499.932 Thread 0x000000001bbbf000 Uncommon trap: reason=unstable_if action=reinterpret pc=0x00000000064fa070 method=com.android.tools.r8.v.a.a.a.h.J0.a(Ljava/lang/Object;)I @ 52
Event: 1499.937 Thread 0x000000001d94a800 Uncommon trap: reason=unstable_if action=reinterpret pc=0x000000000624a1f8 method=com.android.tools.r8.graph.g0.equals(Ljava/lang/Object;)Z @ 28

Classes redefined (0 events):
No events

Internal exceptions (10 events):
Event: 1490.432 Thread 0x0000000022f1f000 Exception <a 'sun/nio/fs/WindowsException'> (0x00000000daa02200) thrown at [C:\src\AOSP-openjdk-git\hotspot\src\share\vm\prims\jni.cpp, line 710]
Event: 1490.439 Thread 0x0000000022f1f000 Exception <a 'java/lang/NoSuchMethodError': java.lang.Object.lambda$asRunnable$0(Lcom/android/tools/build/apkzlib/utils/IOExceptionRunnable;)V> (0x00000000daa70640) thrown at [C:\src\AOSP-openjdk-git\hotspot\src\share\vm\interpreter\linkResolver.cpp, line
Event: 1490.552 Thread 0x000000001d948800 Exception <a 'java/lang/NoSuchMethodError': java.lang.Object.lambda$static$0(Ljava/lang/String;)Z> (0x00000000daef1d10) thrown at [C:\src\AOSP-openjdk-git\hotspot\src\share\vm\interpreter\linkResolver.cpp, line 620]
Event: 1490.665 Thread 0x0000000022f1f000 Exception <a 'java/lang/NoSuchMethodError': java.lang.Object.newSystemTemporaryDirectory()Lcom/android/tools/build/apkzlib/bytestorage/TemporaryDirectory;> (0x00000000db281ba0) thrown at [C:\src\AOSP-openjdk-git\hotspot\src\share\vm\interpreter\linkResolv
Event: 1490.773 Thread 0x000000001bbbf000 Exception <a 'sun/nio/fs/WindowsException'> (0x00000000db476fe0) thrown at [C:\src\AOSP-openjdk-git\hotspot\src\share\vm\prims\jni.cpp, line 710]
Event: 1490.933 Thread 0x000000001d94a800 Exception <a 'sun/nio/fs/WindowsException'> (0x00000000dc6d10d0) thrown at [C:\src\AOSP-openjdk-git\hotspot\src\share\vm\prims\jni.cpp, line 710]
Event: 1491.022 Thread 0x000000001d948800 Exception <a 'sun/nio/fs/WindowsException'> (0x00000000dc90fb88) thrown at [C:\src\AOSP-openjdk-git\hotspot\src\share\vm\prims\jni.cpp, line 710]
Event: 1493.094 Thread 0x000000001d94a800 Exception <a 'java/lang/NoSuchMethodError': java.lang.Object.lambda$maxBy$1(Ljava/util/Comparator;Ljava/lang/Object;Ljava/lang/Object;)Ljava/lang/Object;> (0x00000000e219bfb8) thrown at [C:\src\AOSP-openjdk-git\hotspot\src\share\vm\interpreter\linkResolve
Event: 1493.094 Thread 0x000000001bbbf000 Exception <a 'java/lang/NoSuchMethodError': java.lang.Object.lambda$maxBy$1(Ljava/util/Comparator;Ljava/lang/Object;Ljava/lang/Object;)Ljava/lang/Object;> (0x00000000e18e9468) thrown at [C:\src\AOSP-openjdk-git\hotspot\src\share\vm\interpreter\linkResolve
Event: 1500.339 Thread 0x000000001bbbf000 Exception <a 'sun/nio/fs/WindowsException'> (0x00000000dfd00e08) thrown at [C:\src\AOSP-openjdk-git\hotspot\src\share\vm\prims\jni.cpp, line 710]

Events (10 events):
Event: 1500.333 loading class com/android/tools/r8/ByteDataView done
Event: 1500.333 Thread 0x000000001d948800 DEOPT UNPACKING pc=0x00000000029775d0 sp=0x00000000295a9a60 mode 0
Event: 1500.340 loading class com/android/tools/r8/s/a/a/d/p
Event: 1500.340 loading class com/android/tools/r8/s/a/a/d/p done
Event: 1500.352 loading class com/android/tools/r8/s/a/a/d/o
Event: 1500.352 loading class com/android/tools/r8/s/a/a/d/o done
Event: 1500.353 loading class com/android/tools/r8/s/a/a/d/n
Event: 1500.353 loading class com/android/tools/r8/s/a/a/d/n done
Event: 1500.381 Thread 0x000000001d948800 DEOPT PACKING pc=0x000000000669c930 sp=0x00000000295aa490
Event: 1500.381 Thread 0x000000001d948800 DEOPT UNPACKING pc=0x00000000029775d0 sp=0x00000000295aa430 mode 0


Dynamic libraries:
0x00007ff72dcb0000 - 0x00007ff72dce1000 	C:\Program Files\Android\Android Studio\jre\bin\java.exe
0x00007fff71350000 - 0x00007fff71545000 	C:\WINDOWS\SYSTEM32\ntdll.dll
0x00007fff70da0000 - 0x00007fff70e5d000 	C:\WINDOWS\System32\KERNEL32.DLL
0x00007fff6f000000 - 0x00007fff6f2c7000 	C:\WINDOWS\System32\KERNELBASE.dll
0x00007fff6f3b0000 - 0x00007fff6f45a000 	C:\WINDOWS\System32\ADVAPI32.dll
0x00007fff6fbb0000 - 0x00007fff6fc4e000 	C:\WINDOWS\System32\msvcrt.dll
0x00007fff6f460000 - 0x00007fff6f4fb000 	C:\WINDOWS\System32\sechost.dll
0x00007fff70b60000 - 0x00007fff70c83000 	C:\WINDOWS\System32\RPCRT4.dll
0x00007fff707b0000 - 0x00007fff70950000 	C:\WINDOWS\System32\USER32.dll
0x00007fff6efd0000 - 0x00007fff6eff2000 	C:\WINDOWS\System32\win32u.dll
0x00007fff6f560000 - 0x00007fff6f58a000 	C:\WINDOWS\System32\GDI32.dll
0x00007fff6ea90000 - 0x00007fff6eb99000 	C:\WINDOWS\System32\gdi32full.dll
0x00007fff6ed00000 - 0x00007fff6ed9d000 	C:\WINDOWS\System32\msvcp_win.dll
0x00007fff6eda0000 - 0x00007fff6eea0000 	C:\WINDOWS\System32\ucrtbase.dll
0x00007fff5fb80000 - 0x00007fff5fe1b000 	C:\WINDOWS\WinSxS\amd64_microsoft.windows.common-controls_6595b64144ccf1df_6.0.19041.487_none_ca03aebe1b8243ca\COMCTL32.dll
0x00007fff70950000 - 0x00007fff70980000 	C:\WINDOWS\System32\IMM32.DLL
0x0000000061780000 - 0x0000000061852000 	C:\Program Files\Android\Android Studio\jre\jre\bin\msvcr100.dll
0x00000000622d0000 - 0x0000000062b1b000 	C:\Program Files\Android\Android Studio\jre\jre\bin\server\jvm.dll
0x00007fff70ca0000 - 0x00007fff70ca8000 	C:\WINDOWS\System32\PSAPI.DLL
0x00007fff62d30000 - 0x00007fff62d57000 	C:\WINDOWS\SYSTEM32\WINMM.dll
0x00007fff64180000 - 0x00007fff6418a000 	C:\WINDOWS\SYSTEM32\VERSION.dll
0x00007fff5d380000 - 0x00007fff5d389000 	C:\WINDOWS\SYSTEM32\WSOCK32.dll
0x00007fff70cb0000 - 0x00007fff70d1b000 	C:\WINDOWS\System32\WS2_32.dll
0x00007fff692a0000 - 0x00007fff692af000 	C:\Program Files\Android\Android Studio\jre\jre\bin\verify.dll
0x00007fff5a010000 - 0x00007fff5a039000 	C:\Program Files\Android\Android Studio\jre\jre\bin\java.dll
0x00007fff59be0000 - 0x00007fff59bf6000 	C:\Program Files\Android\Android Studio\jre\jre\bin\zip.dll
0x00007fff6fdc0000 - 0x00007fff70501000 	C:\WINDOWS\System32\SHELL32.dll
0x00007fff6cbf0000 - 0x00007fff6d382000 	C:\WINDOWS\SYSTEM32\windows.storage.dll
0x00007fff70f90000 - 0x00007fff712e4000 	C:\WINDOWS\System32\combase.dll
0x00007fff6e490000 - 0x00007fff6e4bc000 	C:\WINDOWS\SYSTEM32\Wldp.dll
0x00007fff70980000 - 0x00007fff70a2e000 	C:\WINDOWS\System32\SHCORE.dll
0x00007fff6f500000 - 0x00007fff6f555000 	C:\WINDOWS\System32\shlwapi.dll
0x00007fff6e9c0000 - 0x00007fff6e9e6000 	C:\WINDOWS\SYSTEM32\profapi.dll
0x00007fff58af0000 - 0x00007fff58b0a000 	C:\Program Files\Android\Android Studio\jre\jre\bin\net.dll
0x00007fff6e1b0000 - 0x00007fff6e21a000 	C:\WINDOWS\system32\mswsock.dll
0x00007fff56c80000 - 0x00007fff56c93000 	C:\Program Files\Android\Android Studio\jre\jre\bin\nio.dll
0x00007fff63060000 - 0x00007fff63086000 	C:\Users\Jeff\.gradle\native\31\windows-amd64\native-platform.dll
0x00007fff62740000 - 0x00007fff6274d000 	C:\Program Files\Android\Android Studio\jre\jre\bin\management.dll
0x00007fff6e380000 - 0x00007fff6e398000 	C:\WINDOWS\SYSTEM32\CRYPTSP.dll
0x00007fff6db40000 - 0x00007fff6db74000 	C:\WINDOWS\system32\rsaenh.dll
0x00007fff6f380000 - 0x00007fff6f3a7000 	C:\WINDOWS\System32\bcrypt.dll
0x00007fff6e940000 - 0x00007fff6e96e000 	C:\WINDOWS\SYSTEM32\USERENV.dll
0x00007fff6ef50000 - 0x00007fff6efcf000 	C:\WINDOWS\System32\bcryptprimitives.dll
0x00007fff6e3a0000 - 0x00007fff6e3ac000 	C:\WINDOWS\SYSTEM32\CRYPTBASE.dll
0x00007fff6dea0000 - 0x00007fff6dedb000 	C:\WINDOWS\SYSTEM32\IPHLPAPI.DLL
0x00007fff707a0000 - 0x00007fff707a9000 	C:\WINDOWS\System32\NSI.dll
0x00007fff64350000 - 0x00007fff64367000 	C:\WINDOWS\SYSTEM32\dhcpcsvc6.DLL
0x00007fff65620000 - 0x00007fff6563d000 	C:\WINDOWS\SYSTEM32\dhcpcsvc.DLL
0x00007fff6dee0000 - 0x00007fff6dfab000 	C:\WINDOWS\SYSTEM32\DNSAPI.dll
0x00007fff627e0000 - 0x00007fff62804000 	C:\Program Files\Android\Android Studio\jre\jre\bin\sunec.dll
0x00007fff60da0000 - 0x00007fff60daa000 	C:\Windows\System32\rasadhlp.dll
0x00007fff61370000 - 0x00007fff613ef000 	C:\WINDOWS\System32\fwpuclnt.dll
0x00007fff69310000 - 0x00007fff6931b000 	C:\Program Files\Android\Android Studio\jre\jre\bin\sunmscapi.dll
0x00007fff6eba0000 - 0x00007fff6ecfd000 	C:\WINDOWS\System32\CRYPT32.dll
0x00007fff6d7e0000 - 0x00007fff6d813000 	C:\WINDOWS\SYSTEM32\ntmarta.dll
0x00007fff6c360000 - 0x00007fff6c3f0000 	C:\WINDOWS\system32\apphelp.dll

VM Arguments:
jvm_args: -Xmx2048m -Dfile.encoding=windows-1252 -Duser.country=US -Duser.language=en -Duser.variant 
java_command: org.gradle.launcher.daemon.bootstrap.GradleDaemon 6.1.1
java_class_path (initial): C:\Users\Jeff\.gradle\wrapper\dists\gradle-6.1.1-all\cfmwm155h49vnt3hynmlrsdst\gradle-6.1.1\lib\gradle-launcher-6.1.1.jar
Launcher Type: SUN_STANDARD

Environment Variables:
PATH=C:\Program Files (x86)\Java\jre1.8.0_261;C:\WINDOWS\system32;C:\WINDOWS;C:\WINDOWS\System32\Wbem;C:\WINDOWS\System32\WindowsPowerShell\v1.0\;C:\WINDOWS\System32\OpenSSH\;C:\Program Files\Java\jdk-12.0.1\bin;C:\adb\;C:\ProgramData\chocolatey\bin;C:\Program Files\nodejs\;C:\Program Files\Microsoft SQL Server\130\Tools\Binn\;C:\Program Files\Microsoft SQL Server\Client SDK\ODBC\170\Tools\Binn\;C:\Program Files\dotnet\;C:\Program Files\Git\cmd;C:\jcoco\coco;C:\Python32;C:\Program Files\MySQL\MySQL Shell 8.0\bin\;C:\Users\Jeff\AppData\Local\Programs\Python\Python37-32\Scripts\;C:\Users\Jeff\AppData\Local\Programs\Python\Python37-32\;C:\Users\Jeff\AppData\Local\Microsoft\WindowsApps;C:\Program Files\JetBrains\PyCharm Community Edition 2019.1.3\bin;;C:\Program Files\JetBrains\IntelliJ IDEA Community Edition 2020.1.1\bin;;C:\Users\Jeff\AppData\Local\Programs\Microsoft VS Code\bin;C:\mingw-w64\i686-8.1.0-posix-dwarf-rt_v6-rev0\mingw32\bin;C:\Users\Jeff\AppData\Roaming\npm;C:\Users\Jeff\AppData\Roaming\Python\Python37\Scripts;C:\Program Files\Java\jdk-14.0.1\bin;C:\jcoco\coco;C:\Program Files (x86)\Java\jre1.8.0_261;
USERNAME=Jeff
OS=Windows_NT
PROCESSOR_IDENTIFIER=Intel64 Family 6 Model 58 Stepping 9, GenuineIntel



---------------  S Y S T E M  ---------------

OS: Windows 10.0 , 64 bit Build 19041 (10.0.19041.292)

CPU:total 4 (initial active 4) (2 cores per cpu, 2 threads per core) family 6 model 58 stepping 9, cmov, cx8, fxsr, mmx, sse, sse2, sse3, ssse3, sse4.1, sse4.2, popcnt, avx, clmul, erms, ht, tsc, tscinvbit, tscinv

Memory: 4k page, physical 8281448k(1196440k free), swap 10233192k(6280k free)

vm_info: OpenJDK 64-Bit Server VM (25.242-b01) for windows-amd64 JRE (1.8.0_242-release-1644-b01), built by "builder" with MS VC++ 10.0 (VS2010)

time: Thu Sep 03 19:35:52 2020
timezone: E. Africa Standard Time
elapsed time: 1500 seconds (0d 0h 25m 0s)

